1691799012725:help
1691799028262:insomnia 30
1691799051189:exit
1691800495993:insmonia 40
1691800503186:insomnia 40
1691801547501:insomnia
1691802052661:help
1691802059303:insomnia
1691807131653:stacktrace
1691807384307:insomnia
1691809674010:stacktrace
1691809707398:insomnia
1691809737649:help
1691809747037:stacktrace help
1691818027335:insomnia
1691820016729:stacktrace
1691820052707:insomnia
1691820068733:stacktrace
1691820098782:insomnia
1691820105811:stacktrace
1691820481288:insomnia
1691820889599:stacktrace
1691821116939:insomnia
1691821631226:isnomnia
1691821636923:insomnia
1691821854469:help
1691821862683:insomnia
1691821953894:exit
1691822240125:insomnia
1691822296634:exit
1691823234066:help
1691823244345:insomnia
1691823303250:help
1691823306375:version
1691823308799:exit
1691823888103:help
1691823893091:insomnia
1691823916376:exit
1691824381843:insmonia
1691824387304:insomnia
1691824405690:exit
1691824515253:help insomnia
1691824521118:insomnia
1691824541304:exit
